<?xml version="1.0" encoding="UTF-8"?>
<!-- Generated by org.testng.reporters.JUnitReportReporter -->
<testsuite hostname="DESKTOP-31L1H2T" failures="0" tests="1" name="net.azuresites.rakevetfront.registrationtests.PositiveRegistrationTests" time="15.101" errors="0" timestamp="2021-10-04T23:12:08 IDT" skipped="0">
  <testcase classname="net.azuresites.rakevetfront.registrationtests.PositiveRegistrationTests" name="logInTest" time="15.101"/>
  <system-out/>
</testsuite> <!-- net.azuresites.rakevetfront.registrationtests.PositiveRegistrationTests -->
