<?xml version="1.0" encoding="UTF-8"?>
<!-- Generated by org.testng.reporters.JUnitReportReporter -->
<testsuite hostname="SVETA-X270" failures="0" tests="1" name="net.azuresites.rakevetfront.registrationtests.PositiveRegistrationTests" time="22.370" errors="0" timestamp="2021-10-05T16:56:12 IDT" skipped="0">
  <testcase classname="net.azuresites.rakevetfront.registrationtests.PositiveRegistrationTests" name="logInTest" time="22.370"/>
  <system-out/>
</testsuite> <!-- net.azuresites.rakevetfront.registrationtests.PositiveRegistrationTests -->
